<?xml version="1.0" encoding="UTF-8"?>
<coverage generated="1601377020364" clover="3.2.0">
  <project timestamp="1601377020364" name="All files">
    <metrics statements="68" coveredstatements="48" conditionals="0" coveredconditionals="0" methods="45" coveredmethods="25" elements="113" coveredelements="73" complexity="0" loc="68" ncloc="68" packages="1" files="2" classes="2"/>
    <file name="Product.js" path="C:\Users\Mahlatse Charlie\Pictures\software_design_project\Scripts\classes\Product.js">
      <metrics statements="31" coveredstatements="23" conditionals="0" coveredconditionals="0" methods="20" coveredmethods="12"/>
      <line num="9" count="36" type="stmt"/>
      <line num="10" count="36" type="stmt"/>
      <line num="11" count="36" type="stmt"/>
      <line num="12" count="36" type="stmt"/>
      <line num="13" count="36" type="stmt"/>
      <line num="14" count="36" type="stmt"/>
      <line num="15" count="36" type="stmt"/>
      <line num="16" count="36" type="stmt"/>
      <line num="17" count="36" type="stmt"/>
      <line num="18" count="36" type="stmt"/>
      <line num="19" count="36" type="stmt"/>
      <line num="24" count="3" type="stmt"/>
      <line num="27" count="3" type="stmt"/>
      <line num="30" count="3" type="stmt"/>
      <line num="33" count="3" type="stmt"/>
      <line num="36" count="3" type="stmt"/>
      <line num="39" count="3" type="stmt"/>
      <line num="42" count="3" type="stmt"/>
      <line num="45" count="3" type="stmt"/>
      <line num="48" count="3" type="stmt"/>
      <line num="51" count="3" type="stmt"/>
      <line num="54" count="3" type="stmt"/>
      <line num="57" count="0" type="stmt"/>
      <line num="58" count="0" type="stmt"/>
      <line num="59" count="0" type="stmt"/>
      <line num="60" count="0" type="stmt"/>
      <line num="61" count="0" type="stmt"/>
      <line num="62" count="0" type="stmt"/>
      <line num="63" count="0" type="stmt"/>
      <line num="64" count="0" type="stmt"/>
      <line num="68" count="3" type="stmt"/>
    </file>
    <file name="User.js" path="C:\Users\Mahlatse Charlie\Pictures\software_design_project\Scripts\classes\User.js">
      <metrics statements="37" coveredstatements="25" conditionals="0" coveredconditionals="0" methods="25" coveredmethods="13"/>
      <line num="10" count="42" type="stmt"/>
      <line num="11" count="42" type="stmt"/>
      <line num="12" count="42" type="stmt"/>
      <line num="13" count="42" type="stmt"/>
      <line num="14" count="42" type="stmt"/>
      <line num="15" count="42" type="stmt"/>
      <line num="16" count="42" type="stmt"/>
      <line num="17" count="42" type="stmt"/>
      <line num="18" count="42" type="stmt"/>
      <line num="19" count="42" type="stmt"/>
      <line num="20" count="42" type="stmt"/>
      <line num="21" count="42" type="stmt"/>
      <line num="24" count="3" type="stmt"/>
      <line num="25" count="3" type="stmt"/>
      <line num="26" count="3" type="stmt"/>
      <line num="27" count="3" type="stmt"/>
      <line num="28" count="3" type="stmt"/>
      <line num="29" count="3" type="stmt"/>
      <line num="30" count="3" type="stmt"/>
      <line num="31" count="3" type="stmt"/>
      <line num="32" count="3" type="stmt"/>
      <line num="33" count="3" type="stmt"/>
      <line num="34" count="3" type="stmt"/>
      <line num="35" count="3" type="stmt"/>
      <line num="41" count="0" type="stmt"/>
      <line num="45" count="0" type="stmt"/>
      <line num="49" count="0" type="stmt"/>
      <line num="53" count="0" type="stmt"/>
      <line num="57" count="0" type="stmt"/>
      <line num="61" count="0" type="stmt"/>
      <line num="65" count="0" type="stmt"/>
      <line num="69" count="0" type="stmt"/>
      <line num="73" count="0" type="stmt"/>
      <line num="77" count="0" type="stmt"/>
      <line num="81" count="0" type="stmt"/>
      <line num="85" count="0" type="stmt"/>
      <line num="89" count="4" type="stmt"/>
    </file>
  </project>
</coverage>
