{"C:\\Users\\Mahlatse Charlie\\Pictures\\software_design_project\\Scripts\\classes\\Product.js": {"path":"C:\\Users\\Mahlatse Charlie\\Pictures\\software_design_project\\Scripts\\classes\\Product.js","statementMap":{"0":{"start":{"line":9,"column":16},"end":{"line":9,"column":43}},"1":{"start":{"line":10,"column":16},"end":{"line":10,"column":37}},"2":{"start":{"line":11,"column":16},"end":{"line":11,"column":55}},"3":{"start":{"line":12,"column":16},"end":{"line":12,"column":49}},"4":{"start":{"line":13,"column":16},"end":{"line":13,"column":49}},"5":{"start":{"line":14,"column":16},"end":{"line":14,"column":47}},"6":{"start":{"line":15,"column":16},"end":{"line":15,"column":41}},"7":{"start":{"line":16,"column":16},"end":{"line":16,"column":49}},"8":{"start":{"line":17,"column":16},"end":{"line":17,"column":61}},"9":{"start":{"line":18,"column":16},"end":{"line":18,"column":49}},"10":{"start":{"line":19,"column":16},"end":{"line":19,"column":41}},"11":{"start":{"line":24,"column":4},"end":{"line":24,"column":26}},"12":{"start":{"line":27,"column":4},"end":{"line":27,"column":23}},"13":{"start":{"line":30,"column":4},"end":{"line":30,"column":25}},"14":{"start":{"line":33,"column":4},"end":{"line":33,"column":28}},"15":{"start":{"line":36,"column":4},"end":{"line":36,"column":29}},"16":{"start":{"line":39,"column":4},"end":{"line":39,"column":35}},"17":{"start":{"line":42,"column":4},"end":{"line":42,"column":29}},"18":{"start":{"line":45,"column":4},"end":{"line":45,"column":32}},"19":{"start":{"line":48,"column":4},"end":{"line":48,"column":31}},"20":{"start":{"line":51,"column":4},"end":{"line":51,"column":25}},"21":{"start":{"line":54,"column":4},"end":{"line":54,"column":29}},"22":{"start":{"line":57,"column":29},"end":{"line":57,"column":54}},"23":{"start":{"line":58,"column":35},"end":{"line":58,"column":66}},"24":{"start":{"line":59,"column":37},"end":{"line":59,"column":70}},"25":{"start":{"line":60,"column":49},"end":{"line":60,"column":94}},"26":{"start":{"line":61,"column":37},"end":{"line":61,"column":70}},"27":{"start":{"line":62,"column":43},"end":{"line":62,"column":82}},"28":{"start":{"line":63,"column":37},"end":{"line":63,"column":70}},"29":{"start":{"line":64,"column":29},"end":{"line":64,"column":54}},"30":{"start":{"line":68,"column":0},"end":{"line":68,"column":25}}},"fnMap":{"0":{"name":"(anonymous_0)","decl":{"start":{"line":6,"column":2},"end":{"line":6,"column":3}},"loc":{"start":{"line":7,"column":76},"end":{"line":21,"column":3}},"line":7},"1":{"name":"(anonymous_1)","decl":{"start":{"line":23,"column":3},"end":{"line":23,"column":4}},"loc":{"start":{"line":23,"column":21},"end":{"line":25,"column":3}},"line":23},"2":{"name":"(anonymous_2)","decl":{"start":{"line":26,"column":3},"end":{"line":26,"column":4}},"loc":{"start":{"line":26,"column":18},"end":{"line":28,"column":3}},"line":26},"3":{"name":"(anonymous_3)","decl":{"start":{"line":29,"column":3},"end":{"line":29,"column":4}},"loc":{"start":{"line":29,"column":20},"end":{"line":31,"column":3}},"line":29},"4":{"name":"(anonymous_4)","decl":{"start":{"line":32,"column":3},"end":{"line":32,"column":4}},"loc":{"start":{"line":32,"column":23},"end":{"line":34,"column":3}},"line":32},"5":{"name":"(anonymous_5)","decl":{"start":{"line":35,"column":3},"end":{"line":35,"column":4}},"loc":{"start":{"line":35,"column":24},"end":{"line":37,"column":3}},"line":35},"6":{"name":"(anonymous_6)","decl":{"start":{"line":38,"column":3},"end":{"line":38,"column":4}},"loc":{"start":{"line":38,"column":30},"end":{"line":40,"column":3}},"line":38},"7":{"name":"(anonymous_7)","decl":{"start":{"line":41,"column":3},"end":{"line":41,"column":4}},"loc":{"start":{"line":41,"column":24},"end":{"line":43,"column":3}},"line":41},"8":{"name":"(anonymous_8)","decl":{"start":{"line":44,"column":3},"end":{"line":44,"column":4}},"loc":{"start":{"line":44,"column":27},"end":{"line":46,"column":3}},"line":44},"9":{"name":"(anonymous_9)","decl":{"start":{"line":47,"column":3},"end":{"line":47,"column":4}},"loc":{"start":{"line":47,"column":22},"end":{"line":49,"column":3}},"line":47},"10":{"name":"(anonymous_10)","decl":{"start":{"line":50,"column":3},"end":{"line":50,"column":4}},"loc":{"start":{"line":50,"column":20},"end":{"line":52,"column":3}},"line":50},"11":{"name":"(anonymous_11)","decl":{"start":{"line":53,"column":3},"end":{"line":53,"column":4}},"loc":{"start":{"line":53,"column":24},"end":{"line":55,"column":3}},"line":53},"12":{"name":"(anonymous_12)","decl":{"start":{"line":57,"column":3},"end":{"line":57,"column":4}},"loc":{"start":{"line":57,"column":28},"end":{"line":57,"column":55}},"line":57},"13":{"name":"(anonymous_13)","decl":{"start":{"line":58,"column":3},"end":{"line":58,"column":4}},"loc":{"start":{"line":58,"column":34},"end":{"line":58,"column":67}},"line":58},"14":{"name":"(anonymous_14)","decl":{"start":{"line":59,"column":3},"end":{"line":59,"column":4}},"loc":{"start":{"line":59,"column":36},"end":{"line":59,"column":71}},"line":59},"15":{"name":"(anonymous_15)","decl":{"start":{"line":60,"column":3},"end":{"line":60,"column":4}},"loc":{"start":{"line":60,"column":48},"end":{"line":60,"column":95}},"line":60},"16":{"name":"(anonymous_16)","decl":{"start":{"line":61,"column":3},"end":{"line":61,"column":4}},"loc":{"start":{"line":61,"column":36},"end":{"line":61,"column":71}},"line":61},"17":{"name":"(anonymous_17)","decl":{"start":{"line":62,"column":3},"end":{"line":62,"column":4}},"loc":{"start":{"line":62,"column":42},"end":{"line":62,"column":83}},"line":62},"18":{"name":"(anonymous_18)","decl":{"start":{"line":63,"column":3},"end":{"line":63,"column":4}},"loc":{"start":{"line":63,"column":36},"end":{"line":63,"column":71}},"line":63},"19":{"name":"(anonymous_19)","decl":{"start":{"line":64,"column":3},"end":{"line":64,"column":4}},"loc":{"start":{"line":64,"column":28},"end":{"line":64,"column":55}},"line":64}},"branchMap":{},"s":{"0":36,"1":36,"2":36,"3":36,"4":36,"5":36,"6":36,"7":36,"8":36,"9":36,"10":36,"11":3,"12":3,"13":3,"14":3,"15":3,"16":3,"17":3,"18":3,"19":3,"20":3,"21":3,"22":0,"23":0,"24":0,"25":0,"26":0,"27":0,"28":0,"29":0,"30":3},"f":{"0":36,"1":3,"2":3,"3":3,"4":3,"5":3,"6":3,"7":3,"8":3,"9":3,"10":3,"11":3,"12":0,"13":0,"14":0,"15":0,"16":0,"17":0,"18":0,"19":0},"b":{},"_coverageSchema":"1a1c01bbd47fc00a2c39e90264f33305004495a9","hash":"3e79c2156730c21e9133d595b2155ae82dd18d61"}
,"C:\\Users\\Mahlatse Charlie\\Pictures\\software_design_project\\Scripts\\classes\\TransactionHistory.js": {"path":"C:\\Users\\Mahlatse Charlie\\Pictures\\software_design_project\\Scripts\\classes\\TransactionHistory.js","statementMap":{"0":{"start":{"line":2,"column":13},"end":{"line":2,"column":24}},"1":{"start":{"line":3,"column":2},"end":{"line":3,"column":14}},"2":{"start":{"line":7,"column":18},"end":{"line":7,"column":31}},"3":{"start":{"line":8,"column":2},"end":{"line":8,"column":19}},"4":{"start":{"line":12,"column":2},"end":{"line":12,"column":41}},"5":{"start":{"line":16,"column":23},"end":{"line":16,"column":25}},"6":{"start":{"line":17,"column":16},"end":{"line":17,"column":17}},"7":{"start":{"line":18,"column":21},"end":{"line":18,"column":33}},"8":{"start":{"line":19,"column":2},"end":{"line":29,"column":3}},"9":{"start":{"line":19,"column":15},"end":{"line":19,"column":36}},"10":{"start":{"line":20,"column":3},"end":{"line":20,"column":14}},"11":{"start":{"line":21,"column":3},"end":{"line":28,"column":4}},"12":{"start":{"line":22,"column":4},"end":{"line":22,"column":36}},"13":{"start":{"line":23,"column":4},"end":{"line":23,"column":24}},"14":{"start":{"line":24,"column":4},"end":{"line":24,"column":14}},"15":{"start":{"line":27,"column":4},"end":{"line":27,"column":36}},"16":{"start":{"line":31,"column":25},"end":{"line":31,"column":27}},"17":{"start":{"line":33,"column":2},"end":{"line":35,"column":3}},"18":{"start":{"line":33,"column":15},"end":{"line":33,"column":40}},"19":{"start":{"line":34,"column":3},"end":{"line":34,"column":40}},"20":{"start":{"line":37,"column":2},"end":{"line":37,"column":26}},"21":{"start":{"line":40,"column":0},"end":{"line":40,"column":91}}},"fnMap":{"0":{"name":"userId","decl":{"start":{"line":1,"column":9},"end":{"line":1,"column":15}},"loc":{"start":{"line":1,"column":21},"end":{"line":4,"column":2}},"line":1},"1":{"name":"username","decl":{"start":{"line":6,"column":9},"end":{"line":6,"column":17}},"loc":{"start":{"line":6,"column":23},"end":{"line":9,"column":2}},"line":6},"2":{"name":"names","decl":{"start":{"line":11,"column":9},"end":{"line":11,"column":14}},"loc":{"start":{"line":11,"column":20},"end":{"line":13,"column":2}},"line":11},"3":{"name":"balance","decl":{"start":{"line":15,"column":9},"end":{"line":15,"column":16}},"loc":{"start":{"line":15,"column":22},"end":{"line":38,"column":2}},"line":15}},"branchMap":{"0":{"loc":{"start":{"line":21,"column":3},"end":{"line":28,"column":4}},"type":"if","locations":[{"start":{"line":21,"column":3},"end":{"line":28,"column":4}},{"start":{"line":21,"column":3},"end":{"line":28,"column":4}}],"line":21}},"s":{"0":1,"1":1,"2":1,"3":1,"4":1,"5":1,"6":1,"7":1,"8":1,"9":1,"10":7,"11":7,"12":2,"13":2,"14":2,"15":5,"16":1,"17":1,"18":1,"19":9,"20":1,"21":1},"f":{"0":1,"1":1,"2":1,"3":1},"b":{"0":[2,5]},"_coverageSchema":"1a1c01bbd47fc00a2c39e90264f33305004495a9","hash":"b9e72bea1a1d28203d7414cd50470fdb340756c0"}
,"C:\\Users\\Mahlatse Charlie\\Pictures\\software_design_project\\Scripts\\classes\\User.js": {"path":"C:\\Users\\Mahlatse Charlie\\Pictures\\software_design_project\\Scripts\\classes\\User.js","statementMap":{"0":{"start":{"line":10,"column":19},"end":{"line":10,"column":40}},"1":{"start":{"line":11,"column":19},"end":{"line":11,"column":36}},"2":{"start":{"line":12,"column":19},"end":{"line":12,"column":42}},"3":{"start":{"line":13,"column":19},"end":{"line":13,"column":44}},"4":{"start":{"line":14,"column":19},"end":{"line":14,"column":44}},"5":{"start":{"line":15,"column":19},"end":{"line":15,"column":50}},"6":{"start":{"line":16,"column":19},"end":{"line":16,"column":40}},"7":{"start":{"line":17,"column":19},"end":{"line":17,"column":50}},"8":{"start":{"line":18,"column":19},"end":{"line":18,"column":34}},"9":{"start":{"line":19,"column":19},"end":{"line":19,"column":42}},"10":{"start":{"line":20,"column":19},"end":{"line":20,"column":56}},"11":{"start":{"line":21,"column":19},"end":{"line":21,"column":47}},"12":{"start":{"line":24,"column":18},"end":{"line":24,"column":37}},"13":{"start":{"line":25,"column":16},"end":{"line":25,"column":33}},"14":{"start":{"line":26,"column":19},"end":{"line":26,"column":39}},"15":{"start":{"line":27,"column":20},"end":{"line":27,"column":41}},"16":{"start":{"line":28,"column":20},"end":{"line":28,"column":41}},"17":{"start":{"line":29,"column":23},"end":{"line":29,"column":47}},"18":{"start":{"line":30,"column":18},"end":{"line":30,"column":37}},"19":{"start":{"line":31,"column":23},"end":{"line":31,"column":47}},"20":{"start":{"line":32,"column":15},"end":{"line":32,"column":31}},"21":{"start":{"line":33,"column":19},"end":{"line":33,"column":39}},"22":{"start":{"line":34,"column":26},"end":{"line":34,"column":53}},"23":{"start":{"line":35,"column":21},"end":{"line":35,"column":43}},"24":{"start":{"line":41,"column":4},"end":{"line":41,"column":26}},"25":{"start":{"line":45,"column":4},"end":{"line":45,"column":21}},"26":{"start":{"line":49,"column":4},"end":{"line":49,"column":27}},"27":{"start":{"line":53,"column":4},"end":{"line":53,"column":29}},"28":{"start":{"line":57,"column":4},"end":{"line":57,"column":29}},"29":{"start":{"line":61,"column":4},"end":{"line":61,"column":35}},"30":{"start":{"line":65,"column":4},"end":{"line":65,"column":25}},"31":{"start":{"line":69,"column":4},"end":{"line":69,"column":35}},"32":{"start":{"line":73,"column":4},"end":{"line":73,"column":19}},"33":{"start":{"line":77,"column":4},"end":{"line":77,"column":27}},"34":{"start":{"line":81,"column":4},"end":{"line":81,"column":40}},"35":{"start":{"line":85,"column":4},"end":{"line":85,"column":31}},"36":{"start":{"line":89,"column":0},"end":{"line":89,"column":22}}},"fnMap":{"0":{"name":"(anonymous_0)","decl":{"start":{"line":7,"column":2},"end":{"line":7,"column":3}},"loc":{"start":{"line":8,"column":43},"end":{"line":22,"column":3}},"line":8},"1":{"name":"(anonymous_1)","decl":{"start":{"line":24,"column":2},"end":{"line":24,"column":3}},"loc":{"start":{"line":24,"column":17},"end":{"line":24,"column":38}},"line":24},"2":{"name":"(anonymous_2)","decl":{"start":{"line":25,"column":2},"end":{"line":25,"column":3}},"loc":{"start":{"line":25,"column":15},"end":{"line":25,"column":34}},"line":25},"3":{"name":"(anonymous_3)","decl":{"start":{"line":26,"column":2},"end":{"line":26,"column":3}},"loc":{"start":{"line":26,"column":18},"end":{"line":26,"column":40}},"line":26},"4":{"name":"(anonymous_4)","decl":{"start":{"line":27,"column":2},"end":{"line":27,"column":3}},"loc":{"start":{"line":27,"column":19},"end":{"line":27,"column":42}},"line":27},"5":{"name":"(anonymous_5)","decl":{"start":{"line":28,"column":2},"end":{"line":28,"column":3}},"loc":{"start":{"line":28,"column":19},"end":{"line":28,"column":42}},"line":28},"6":{"name":"(anonymous_6)","decl":{"start":{"line":29,"column":2},"end":{"line":29,"column":3}},"loc":{"start":{"line":29,"column":22},"end":{"line":29,"column":48}},"line":29},"7":{"name":"(anonymous_7)","decl":{"start":{"line":30,"column":2},"end":{"line":30,"column":3}},"loc":{"start":{"line":30,"column":17},"end":{"line":30,"column":38}},"line":30},"8":{"name":"(anonymous_8)","decl":{"start":{"line":31,"column":2},"end":{"line":31,"column":3}},"loc":{"start":{"line":31,"column":22},"end":{"line":31,"column":48}},"line":31},"9":{"name":"(anonymous_9)","decl":{"start":{"line":32,"column":2},"end":{"line":32,"column":3}},"loc":{"start":{"line":32,"column":14},"end":{"line":32,"column":32}},"line":32},"10":{"name":"(anonymous_10)","decl":{"start":{"line":33,"column":2},"end":{"line":33,"column":3}},"loc":{"start":{"line":33,"column":18},"end":{"line":33,"column":40}},"line":33},"11":{"name":"(anonymous_11)","decl":{"start":{"line":34,"column":2},"end":{"line":34,"column":3}},"loc":{"start":{"line":34,"column":25},"end":{"line":34,"column":54}},"line":34},"12":{"name":"(anonymous_12)","decl":{"start":{"line":35,"column":2},"end":{"line":35,"column":3}},"loc":{"start":{"line":35,"column":20},"end":{"line":35,"column":44}},"line":35},"13":{"name":"(anonymous_13)","decl":{"start":{"line":40,"column":2},"end":{"line":40,"column":3}},"loc":{"start":{"line":40,"column":23},"end":{"line":42,"column":3}},"line":40},"14":{"name":"(anonymous_14)","decl":{"start":{"line":44,"column":2},"end":{"line":44,"column":3}},"loc":{"start":{"line":44,"column":19},"end":{"line":46,"column":3}},"line":44},"15":{"name":"(anonymous_15)","decl":{"start":{"line":48,"column":2},"end":{"line":48,"column":3}},"loc":{"start":{"line":48,"column":25},"end":{"line":50,"column":3}},"line":48},"16":{"name":"(anonymous_16)","decl":{"start":{"line":52,"column":2},"end":{"line":52,"column":3}},"loc":{"start":{"line":52,"column":27},"end":{"line":54,"column":3}},"line":52},"17":{"name":"(anonymous_17)","decl":{"start":{"line":56,"column":2},"end":{"line":56,"column":3}},"loc":{"start":{"line":56,"column":27},"end":{"line":58,"column":3}},"line":56},"18":{"name":"(anonymous_18)","decl":{"start":{"line":60,"column":2},"end":{"line":60,"column":3}},"loc":{"start":{"line":60,"column":33},"end":{"line":62,"column":3}},"line":60},"19":{"name":"(anonymous_19)","decl":{"start":{"line":64,"column":2},"end":{"line":64,"column":3}},"loc":{"start":{"line":64,"column":23},"end":{"line":66,"column":3}},"line":64},"20":{"name":"(anonymous_20)","decl":{"start":{"line":68,"column":2},"end":{"line":68,"column":3}},"loc":{"start":{"line":68,"column":33},"end":{"line":70,"column":3}},"line":68},"21":{"name":"(anonymous_21)","decl":{"start":{"line":72,"column":2},"end":{"line":72,"column":3}},"loc":{"start":{"line":72,"column":17},"end":{"line":74,"column":3}},"line":72},"22":{"name":"(anonymous_22)","decl":{"start":{"line":76,"column":2},"end":{"line":76,"column":3}},"loc":{"start":{"line":76,"column":25},"end":{"line":78,"column":3}},"line":76},"23":{"name":"(anonymous_23)","decl":{"start":{"line":80,"column":2},"end":{"line":80,"column":3}},"loc":{"start":{"line":80,"column":39},"end":{"line":82,"column":3}},"line":80},"24":{"name":"(anonymous_24)","decl":{"start":{"line":84,"column":2},"end":{"line":84,"column":3}},"loc":{"start":{"line":84,"column":29},"end":{"line":86,"column":3}},"line":84}},"branchMap":{},"s":{"0":42,"1":42,"2":42,"3":42,"4":42,"5":42,"6":42,"7":42,"8":42,"9":42,"10":42,"11":42,"12":3,"13":3,"14":3,"15":3,"16":3,"17":3,"18":3,"19":3,"20":3,"21":3,"22":3,"23":3,"24":0,"25":0,"26":0,"27":0,"28":0,"29":0,"30":0,"31":0,"32":0,"33":0,"34":0,"35":0,"36":4},"f":{"0":42,"1":3,"2":3,"3":3,"4":3,"5":3,"6":3,"7":3,"8":3,"9":3,"10":3,"11":3,"12":3,"13":0,"14":0,"15":0,"16":0,"17":0,"18":0,"19":0,"20":0,"21":0,"22":0,"23":0,"24":0},"b":{},"_coverageSchema":"1a1c01bbd47fc00a2c39e90264f33305004495a9","hash":"7e78fae85b81c67586f671c52c41a100061fc26f"}
}
